This is pdfTeX, Version 3.14159265-2.6-1.40.21 (TeX Live 2020) (preloaded format=latex 2020.5.7)  21 MAY 2021 10:28
entering extended mode
 restricted \write18 enabled.
 %&-line parsing enabled.
**p1s1.tex
(./p1s1.tex
LaTeX2e <2020-02-02> patch level 5
L3 programming layer <2020-03-06>
! Undefined control sequence.
l.1 \section
            {ç®€ä»‹}
? 

! Package inputenc Error: Unicode character ç®€ (U+7B80)
(inputenc)                not set up for use with LaTeX.

See the inputenc package documentation for explanation.
Type  H <return>  for immediate help.
 ...                                              
                                                  
l.1 \section{ç®€
                ä»‹}
? 

! Package inputenc Error: Unicode character ä»‹ (U+4ECB)
(inputenc)                not set up for use with LaTeX.

See the inputenc package documentation for explanation.
Type  H <return>  for immediate help.
 ...                                              
                                                  
l.1 \section{ç®€ä»‹
                   }
? \end
Type <return> to proceed, S to scroll future error messages,
R to run without stopping, Q to run quietly,
I to insert something, E to edit your file,
1 or ... or 9 to ignore the next 1 to 9 tokens of input,
H for help, X to quit.
? quit
OK, entering \batchmode...

! Package inputenc Error: Unicode character ä¸€ (U+4E00)
(inputenc)                not set up for use with LaTeX.

See the inputenc package documentation for explanation.
Type  H <return>  for immediate help.
 ...                                              
                                                  
l.2 ä¸€
       ä¸ªå¸Œæœ›åœ¨è¿œç«¯æ‰§è¡Œè®¡ç®—çš„ç”¨æˆ·é¢ä¸´ä¸€ä¸ªå¤æ‚çš„tradeoffï...

You may provide a definition with
\DeclareUnicodeCharacter 


! Package inputenc Error: Unicode character ä¸ª (U+4E2A)
(inputenc)                not set up for use with LaTeX.

See the inputenc package documentation for explanation.
Type  H <return>  for immediate help.
 ...                                              
                                                  
l.2 ä¸€ä¸ª
          å¸Œæœ›åœ¨è¿œç«¯æ‰§è¡Œè®¡ç®—çš„ç”¨æˆ·é¢ä¸´ä¸€ä¸ªå¤æ‚çš„tradeoffï...

You may provide a definition with
\DeclareUnicodeCharacter 


! Package inputenc Error: Unicode character å¸Œ (U+5E0C)
(inputenc)                not set up for use with LaTeX.

See the inputenc package documentation for explanation.
Type  H <return>  for immediate help.
 ...                                              
                                                  
l.2 ä¸€ä¸ªå¸Œ
             æœ›åœ¨è¿œç«¯æ‰§è¡Œè®¡ç®—çš„ç”¨æˆ·é¢ä¸´ä¸€ä¸ªå¤æ‚çš„tradeoffï...

You may provide a definition with
\DeclareUnicodeCharacter 


! Package inputenc Error: Unicode character æœ› (U+671B)
(inputenc)                not set up for use with LaTeX.

See the inputenc package documentation for explanation.
Type  H <return>  for immediate help.
 ...                                              
                                                  
l.2 ä¸€ä¸ªå¸Œæœ›
                åœ¨è¿œç«¯æ‰§è¡Œè®¡ç®—çš„ç”¨æˆ·é¢ä¸´ä¸€ä¸ªå¤æ‚çš„tradeoffï...

You may provide a definition with
\DeclareUnicodeCharacter 


! Package inputenc Error: Unicode character åœ¨ (U+5728)
(inputenc)                not set up for use with LaTeX.

See the inputenc package documentation for explanation.
Type  H <return>  for immediate help.
 ...                                              
                                                  
l.2 ä¸€ä¸ªå¸Œæœ›åœ¨
                   è¿œç«¯æ‰§è¡Œè®¡ç®—çš„ç”¨æˆ·é¢ä¸´ä¸€ä¸ªå¤æ‚çš„tradeoffï...

You may provide a definition with
\DeclareUnicodeCharacter 


! Package inputenc Error: Unicode character è¿œ (U+8FDC)
(inputenc)                not set up for use with LaTeX.

See the inputenc package documentation for explanation.
Type  H <return>  for immediate help.
 ...                                              
                                                  
l.2 ä¸€ä¸ªå¸Œæœ›åœ¨è¿œ
                      ç«¯æ‰§è¡Œè®¡ç®—çš„ç”¨æˆ·é¢ä¸´ä¸€ä¸ªå¤æ‚çš„tradeoffï...

You may provide a definition with
\DeclareUnicodeCharacter 


! Package inputenc Error: Unicode character ç«¯ (U+7AEF)
(inputenc)                not set up for use with LaTeX.

See the inputenc package documentation for explanation.
Type  H <return>  for immediate help.
 ...                                              
                                                  
l.2 ä¸€ä¸ªå¸Œæœ›åœ¨è¿œç«¯
                         æ‰§è¡Œè®¡ç®—çš„ç”¨æˆ·é¢ä¸´ä¸€ä¸ªå¤æ‚çš„tradeoffï...

You may provide a definition with
\DeclareUnicodeCharacter 


! Package inputenc Error: Unicode character æ‰§ (U+6267)
(inputenc)                not set up for use with LaTeX.

See the inputenc package documentation for explanation.
Type  H <return>  for immediate help.
 ...                                              
                                                  
l.2 ä¸€ä¸ªå¸Œæœ›åœ¨è¿œç«¯æ‰§
                            è¡Œè®¡ç®—çš„ç”¨æˆ·é¢ä¸´ä¸€ä¸ªå¤æ‚çš„tradeoffï...

You may provide a definition with
\DeclareUnicodeCharacter 


! Package inputenc Error: Unicode character è¡Œ (U+884C)
(inputenc)                not set up for use with LaTeX.

See the inputenc package documentation for explanation.
Type  H <return>  for immediate help.
 ...                                              
                                                  
l.2 ä¸€ä¸ªå¸Œæœ›åœ¨è¿œç«¯æ‰§è¡Œ
                               è®¡ç®—çš„ç”¨æˆ·é¢ä¸´ä¸€ä¸ªå¤æ‚çš„tradeoffï...

You may provide a definition with
\DeclareUnicodeCharacter 


! Package inputenc Error: Unicode character è®¡ (U+8BA1)
(inputenc)                not set up for use with LaTeX.

See the inputenc package documentation for explanation.
Type  H <return>  for immediate help.
 ...                                              
                                                  
l.2 ä¸€ä¸ªå¸Œæœ›åœ¨è¿œç«¯æ‰§è¡Œè®¡
                                  ç®—çš„ç”¨æˆ·é¢ä¸´ä¸€ä¸ªå¤æ‚çš„tradeoffï...

You may provide a definition with
\DeclareUnicodeCharacter 


! Package inputenc Error: Unicode character ç®— (U+7B97)
(inputenc)                not set up for use with LaTeX.

See the inputenc package documentation for explanation.
Type  H <return>  for immediate help.
 ...                                              
                                                  
l.2 ä¸€ä¸ªå¸Œæœ›åœ¨è¿œç«¯æ‰§è¡Œè®¡ç®—
                                     çš„ç”¨æˆ·é¢ä¸´ä¸€ä¸ªå¤æ‚çš„tradeoffï...

You may provide a definition with
\DeclareUnicodeCharacter 


! Package inputenc Error: Unicode character çš„ (U+7684)
(inputenc)                not set up for use with LaTeX.

See the inputenc package documentation for explanation.
Type  H <return>  for immediate help.
 ...                                              
                                                  
l.2 ä¸€ä¸ªå¸Œæœ›åœ¨è¿œç«¯æ‰§è¡Œè®¡ç®—çš„
                                        ç”¨æˆ·é¢ä¸´ä¸€ä¸ªå¤æ‚çš„tradeoffï...

You may provide a definition with
\DeclareUnicodeCharacter 


! Package inputenc Error: Unicode character ç”¨ (U+7528)
(inputenc)                not set up for use with LaTeX.

See the inputenc package documentation for explanation.
Type  H <return>  for immediate help.
 ...                                              
                                                  
l.2 ä¸€ä¸ªå¸Œæœ›åœ¨è¿œç«¯æ‰§è¡Œè®¡ç®—çš„ç”¨
                                           æˆ·é¢ä¸´ä¸€ä¸ªå¤æ‚çš„tradeoffï...

You may provide a definition with
\DeclareUnicodeCharacter 


! Package inputenc Error: Unicode character æˆ· (U+6237)
(inputenc)                not set up for use with LaTeX.

See the inputenc package documentation for explanation.
Type  H <return>  for immediate help.
 ...                                              
                                                  
l.2 ä¸€ä¸ªå¸Œæœ›åœ¨è¿œç«¯æ‰§è¡Œè®¡ç®—çš„ç”¨æˆ·
                                              é¢ä¸´ä¸€ä¸ªå¤æ‚çš„tradeoffï...

You may provide a definition with
\DeclareUnicodeCharacter 


! Package inputenc Error: Unicode character é¢ (U+9762)
(inputenc)                not set up for use with LaTeX.

See the inputenc package documentation for explanation.
Type  H <return>  for immediate help.
 ...                                              
                                                  
l.2 ä¸€ä¸ªå¸Œæœ›åœ¨è¿œç«¯æ‰§è¡Œè®¡ç®—çš„ç”¨æˆ·é¢
                                                 ä¸´ä¸€ä¸ªå¤æ‚çš„tradeoffï...

You may provide a definition with
\DeclareUnicodeCharacter 


! Package inputenc Error: Unicode character ä¸´ (U+4E34)
(inputenc)                not set up for use with LaTeX.

See the inputenc package documentation for explanation.
Type  H <return>  for immediate help.
 ...                                              
                                                  
l.2 ...ªå¸Œæœ›åœ¨è¿œç«¯æ‰§è¡Œè®¡ç®—çš„ç”¨æˆ·é¢ä¸´
                                                  ä¸€ä¸ªå¤æ‚çš„tradeoffï¼š...

You may provide a definition with
\DeclareUnicodeCharacter 


! Package inputenc Error: Unicode character ä¸€ (U+4E00)
(inputenc)                not set up for use with LaTeX.

See the inputenc package documentation for explanation.
Type  H <return>  for immediate help.
 ...                                              
                                                  
l.2 ...Œæœ›åœ¨è¿œç«¯æ‰§è¡Œè®¡ç®—çš„ç”¨æˆ·é¢ä¸´ä¸€
                                                  ä¸ªå¤æ‚çš„tradeoffï¼šèƒ½...

You may provide a definition with
\DeclareUnicodeCharacter 


! Package inputenc Error: Unicode character ä¸ª (U+4E2A)
(inputenc)                not set up for use with LaTeX.

See the inputenc package documentation for explanation.
Type  H <return>  for immediate help.
 ...                                              
                                                  
l.2 ...›åœ¨è¿œç«¯æ‰§è¡Œè®¡ç®—çš„ç”¨æˆ·é¢ä¸´ä¸€ä¸ª
                                                  å¤æ‚çš„tradeoffï¼šèƒ½å¤Ÿ...

You may provide a definition with
\DeclareUnicodeCharacter 


! Package inputenc Error: Unicode character å¤ (U+590D)
(inputenc)                not set up for use with LaTeX.

See the inputenc package documentation for explanation.
Type  H <return>  for immediate help.
 ...                                              
                                                  
l.2 ...¨è¿œç«¯æ‰§è¡Œè®¡ç®—çš„ç”¨æˆ·é¢ä¸´ä¸€ä¸ªå¤
                                                  æ‚çš„tradeoffï¼šèƒ½å¤Ÿåœ¨...

You may provide a definition with
\DeclareUnicodeCharacter 


! Package inputenc Error: Unicode character æ‚ (U+6742)
(inputenc)                not set up for use with LaTeX.

See the inputenc package documentation for explanation.
Type  H <return>  for immediate help.
 ...                                              
                                                  
l.2 ...œç«¯æ‰§è¡Œè®¡ç®—çš„ç”¨æˆ·é¢ä¸´ä¸€ä¸ªå¤æ‚
                                                  çš„tradeoffï¼šèƒ½å¤Ÿåœ¨å¤š...

You may provide a definition with
\DeclareUnicodeCharacter 


! Package inputenc Error: Unicode character çš„ (U+7684)
(inputenc)                not set up for use with LaTeX.

See the inputenc package documentation for explanation.
Type  H <return>  for immediate help.
 ...                                              
                                                  
l.2 ...¯æ‰§è¡Œè®¡ç®—çš„ç”¨æˆ·é¢ä¸´ä¸€ä¸ªå¤æ‚çš„
                                                  tradeoffï¼šèƒ½å¤Ÿåœ¨å¤šå¤§...

You may provide a definition with
\DeclareUnicodeCharacter 


! LaTeX Error: Missing \begin{document}.

See the LaTeX manual or LaTeX Companion for explanation.
Type  H <return>  for immediate help.
 ...                                              
                                                  
l.2 ...æ‰§è¡Œè®¡ç®—çš„ç”¨æˆ·é¢ä¸´ä¸€ä¸ªå¤æ‚çš„t
                                                  radeoffï¼šèƒ½å¤Ÿåœ¨å¤šå¤§ç...

You're in trouble here.  Try typing  <return>  to proceed.
If that doesn't work, type  X <return>  to quit.

Missing character: There is no t in font nullfont!
Missing character: There is no r in font nullfont!
Missing character: There is no a in font nullfont!
Missing character: There is no d in font nullfont!
Missing character: There is no e in font nullfont!
Missing character: There is no o in font nullfont!
Missing character: There is no f in font nullfont!
Missing character: There is no f in font nullfont!

! Package inputenc Error: Unicode character ï¼š (U+FF1A)
(inputenc)                not set up for use with LaTeX.

See the inputenc package documentation for explanation.
Type  H <return>  for immediate help.
 ...                                              
                                                  
l.2 ...®—çš„ç”¨æˆ·é¢ä¸´ä¸€ä¸ªå¤æ‚çš„tradeoffï¼š
                                                  èƒ½å¤Ÿåœ¨å¤šå¤§ç¨‹åº¦ä¸Šç›...

You may provide a definition with
\DeclareUnicodeCharacter 


! Package inputenc Error: Unicode character èƒ½ (U+80FD)
(inputenc)                not set up for use with LaTeX.

See the inputenc package documentation for explanation.
Type  H <return>  for immediate help.
 ...                                              
                                                  
l.2 ...š„ç”¨æˆ·é¢ä¸´ä¸€ä¸ªå¤æ‚çš„tradeoffï¼šèƒ½
                                                  å¤Ÿåœ¨å¤šå¤§ç¨‹åº¦ä¸Šç›¸ä¿...

You may provide a definition with
\DeclareUnicodeCharacter 


! Package inputenc Error: Unicode character å¤Ÿ (U+591F)
(inputenc)                not set up for use with LaTeX.

See the inputenc package documentation for explanation.
Type  H <return>  for immediate help.
 ...                                              
                                                  
l.2 ...”¨æˆ·é¢ä¸´ä¸€ä¸ªå¤æ‚çš„tradeoffï¼šèƒ½å¤Ÿ
                                                  åœ¨å¤šå¤§ç¨‹åº¦ä¸Šç›¸ä¿¡è¿...

You may provide a definition with
\DeclareUnicodeCharacter 


! Package inputenc Error: Unicode character åœ¨ (U+5728)
(inputenc)                not set up for use with LaTeX.

See the inputenc package documentation for explanation.
Type  H <return>  for immediate help.
 ...                                              
                                                  
l.2 ...ˆ·é¢ä¸´ä¸€ä¸ªå¤æ‚çš„tradeoffï¼šèƒ½å¤Ÿåœ¨
                                                  å¤šå¤§ç¨‹åº¦ä¸Šç›¸ä¿¡è¿œç«...

You may provide a definition with
\DeclareUnicodeCharacter 


! Package inputenc Error: Unicode character å¤š (U+591A)
(inputenc)                not set up for use with LaTeX.

See the inputenc package documentation for explanation.
Type  H <return>  for immediate help.
 ...                                              
                                                  
l.2 ...¢ä¸´ä¸€ä¸ªå¤æ‚çš„tradeoffï¼šèƒ½å¤Ÿåœ¨å¤š
                                                  å¤§ç¨‹åº¦ä¸Šç›¸ä¿¡è¿œç«¯çš...

You may provide a definition with
\DeclareUnicodeCharacter 


! Package inputenc Error: Unicode character å¤§ (U+5927)
(inputenc)                not set up for use with LaTeX.

See the inputenc package documentation for explanation.
Type  H <return>  for immediate help.
 ...                                              
                                                  
l.2 ...¸´ä¸€ä¸ªå¤æ‚çš„tradeoffï¼šèƒ½å¤Ÿåœ¨å¤šå¤§
                                                  ç¨‹åº¦ä¸Šç›¸ä¿¡è¿œç«¯çš„ç³...

You may provide a definition with
\DeclareUnicodeCharacter 


! Package inputenc Error: Unicode character ç¨‹ (U+7A0B)
(inputenc)                not set up for use with LaTeX.

See the inputenc package documentation for explanation.
Type  H <return>  for immediate help.
 ...                                              
                                                  
l.2 ...¸€ä¸ªå¤æ‚çš„tradeoffï¼šèƒ½å¤Ÿåœ¨å¤šå¤§ç¨‹
                                                  åº¦ä¸Šç›¸ä¿¡è¿œç«¯çš„ç³»ç»...

You may provide a definition with
\DeclareUnicodeCharacter 


! Package inputenc Error: Unicode character åº¦ (U+5EA6)
(inputenc)                not set up for use with LaTeX.

See the inputenc package documentation for explanation.
Type  H <return>  for immediate help.
 ...                                              
                                                  
l.2 ...¸ªå¤æ‚çš„tradeoffï¼šèƒ½å¤Ÿåœ¨å¤šå¤§ç¨‹åº¦
                                                  ä¸Šç›¸ä¿¡è¿œç«¯çš„ç³»ç»Ÿï¼...

You may provide a definition with
\DeclareUnicodeCharacter 


! Package inputenc Error: Unicode character ä¸Š (U+4E0A)
(inputenc)                not set up for use with LaTeX.

See the inputenc package documentation for explanation.
Type  H <return>  for immediate help.
 ...                                              
                                                  
l.2 ...¤æ‚çš„tradeoffï¼šèƒ½å¤Ÿåœ¨å¤šå¤§ç¨‹åº¦ä¸Š
                                                  ç›¸ä¿¡è¿œç«¯çš„ç³»ç»Ÿï¼Ÿä¸...

You may provide a definition with
\DeclareUnicodeCharacter 


! Package inputenc Error: Unicode character ç›¸ (U+76F8)
(inputenc)                not set up for use with LaTeX.

See the inputenc package documentation for explanation.
Type  H <return>  for immediate help.
 ...                                              
                                                  
l.2 ...‚çš„tradeoffï¼šèƒ½å¤Ÿåœ¨å¤šå¤§ç¨‹åº¦ä¸Šç›¸
                                                  ä¿¡è¿œç«¯çš„ç³»ç»Ÿï¼Ÿä¸ºäº...

You may provide a definition with
\DeclareUnicodeCharacter 


! Package inputenc Error: Unicode character ä¿¡ (U+4FE1)
(inputenc)                not set up for use with LaTeX.

See the inputenc package documentation for explanation.
Type  H <return>  for immediate help.
 ...                                              
                                                  
l.2 ...š„tradeoffï¼šèƒ½å¤Ÿåœ¨å¤šå¤§ç¨‹åº¦ä¸Šç›¸ä¿¡
                                                  è¿œç«¯çš„ç³»ç»Ÿï¼Ÿä¸ºäº†å®...

You may provide a definition with
\DeclareUnicodeCharacter 


! Package inputenc Error: Unicode character è¿œ (U+8FDC)
(inputenc)                not set up for use with LaTeX.

See the inputenc package documentation for explanation.
Type  H <return>  for immediate help.
 ...                                              
                                                  
l.2 ...radeoffï¼šèƒ½å¤Ÿåœ¨å¤šå¤§ç¨‹åº¦ä¸Šç›¸ä¿¡è¿œ
                                                  ç«¯çš„ç³»ç»Ÿï¼Ÿä¸ºäº†å®‰å…...

You may provide a definition with
\DeclareUnicodeCharacter 


! Package inputenc Error: Unicode character ç«¯ (U+7AEF)
(inputenc)                not set up for use with LaTeX.

See the inputenc package documentation for explanation.
Type  H <return>  for immediate help.
 ...                                              
                                                  
l.2 ...eoffï¼šèƒ½å¤Ÿåœ¨å¤šå¤§ç¨‹åº¦ä¸Šç›¸ä¿¡è¿œç«¯
                                                  çš„ç³»ç»Ÿï¼Ÿä¸ºäº†å®‰å…¨æ„...

You may provide a definition with
\DeclareUnicodeCharacter 


! Package inputenc Error: Unicode character çš„ (U+7684)
(inputenc)                not set up for use with LaTeX.

See the inputenc package documentation for explanation.
Type  H <return>  for immediate help.
 ...                                              
                                                  
l.2 ...fï¼šèƒ½å¤Ÿåœ¨å¤šå¤§ç¨‹åº¦ä¸Šç›¸ä¿¡è¿œç«¯çš„
                                                  ç³»ç»Ÿï¼Ÿä¸ºäº†å®‰å…¨æ„¿æ„...

You may provide a definition with
\DeclareUnicodeCharacter 


! Package inputenc Error: Unicode character ç³» (U+7CFB)
(inputenc)                not set up for use with LaTeX.

See the inputenc package documentation for explanation.
Type  H <return>  for immediate help.
 ...                                              
                                                  
l.2 ...šèƒ½å¤Ÿåœ¨å¤šå¤§ç¨‹åº¦ä¸Šç›¸ä¿¡è¿œç«¯çš„ç³»
                                                  ç»Ÿï¼Ÿä¸ºäº†å®‰å…¨æ„¿æ„ä»...

You may provide a definition with
\DeclareUnicodeCharacter 


! Package inputenc Error: Unicode character ç»Ÿ (U+7EDF)
(inputenc)                not set up for use with LaTeX.

See the inputenc package documentation for explanation.
Type  H <return>  for immediate help.
 ...                                              
                                                  
l.2 ...½å¤Ÿåœ¨å¤šå¤§ç¨‹åº¦ä¸Šç›¸ä¿¡è¿œç«¯çš„ç³»ç»Ÿ
                                                  ï¼Ÿä¸ºäº†å®‰å…¨æ„¿æ„ä»˜å‡...

You may provide a definition with
\DeclareUnicodeCharacter 


! Package inputenc Error: Unicode character ï¼Ÿ (U+FF1F)
(inputenc)                not set up for use with LaTeX.

See the inputenc package documentation for explanation.
Type  H <return>  for immediate help.
 ...                                              
                                                  
l.2 ...Ÿåœ¨å¤šå¤§ç¨‹åº¦ä¸Šç›¸ä¿¡è¿œç«¯çš„ç³»ç»Ÿï¼Ÿ
                                                  ä¸ºäº†å®‰å…¨æ„¿æ„ä»˜å‡ºå¤...

You may provide a definition with
\DeclareUnicodeCharacter 


! Package inputenc Error: Unicode character ä¸º (U+4E3A)
(inputenc)                not set up for use with LaTeX.

See the inputenc package documentation for explanation.
Type  H <return>  for immediate help.
 ...                                              
                                                  
l.2 ...¨å¤šå¤§ç¨‹åº¦ä¸Šç›¸ä¿¡è¿œç«¯çš„ç³»ç»Ÿï¼Ÿä¸º
                                                  äº†å®‰å…¨æ„¿æ„ä»˜å‡ºå¤šå¤...

You may provide a definition with
\DeclareUnicodeCharacter 


! Package inputenc Error: Unicode character äº† (U+4E86)
(inputenc)                not set up for use with LaTeX.

See the inputenc package documentation for explanation.
Type  H <return>  for immediate help.
 ...                                              
                                                  
l.2 ...šå¤§ç¨‹åº¦ä¸Šç›¸ä¿¡è¿œç«¯çš„ç³»ç»Ÿï¼Ÿä¸ºäº†
                                                  å®‰å…¨æ„¿æ„ä»˜å‡ºå¤šå¤§çš...

You may provide a definition with
\DeclareUnicodeCharacter 


! Package inputenc Error: Unicode character å®‰ (U+5B89)
(inputenc)                not set up for use with LaTeX.

See the inputenc package documentation for explanation.
Type  H <return>  for immediate help.
 ...                                              
                                                  
l.2 ...§ç¨‹åº¦ä¸Šç›¸ä¿¡è¿œç«¯çš„ç³»ç»Ÿï¼Ÿä¸ºäº†å®‰
                                                  å…¨æ„¿æ„ä»˜å‡ºå¤šå¤§çš„æ€...

You may provide a definition with
\DeclareUnicodeCharacter 


! Package inputenc Error: Unicode character å…¨ (U+5168)
(inputenc)                not set up for use with LaTeX.

See the inputenc package documentation for explanation.
Type  H <return>  for immediate help.
 ...                                              
                                                  
l.2 ...‹åº¦ä¸Šç›¸ä¿¡è¿œç«¯çš„ç³»ç»Ÿï¼Ÿä¸ºäº†å®‰å…¨
                                                  æ„¿æ„ä»˜å‡ºå¤šå¤§çš„æ€§èƒ...

You may provide a definition with
\DeclareUnicodeCharacter 


! Package inputenc Error: Unicode character æ„¿ (U+613F)
(inputenc)                not set up for use with LaTeX.

See the inputenc package documentation for explanation.
Type  H <return>  for immediate help.
 ...                                              
                                                  
l.2 ...¦ä¸Šç›¸ä¿¡è¿œç«¯çš„ç³»ç»Ÿï¼Ÿä¸ºäº†å®‰å…¨æ„¿
                                                  æ„ä»˜å‡ºå¤šå¤§çš„æ€§èƒ½å¼...

You may provide a definition with
\DeclareUnicodeCharacter 


! Package inputenc Error: Unicode character æ„ (U+610F)
(inputenc)                not set up for use with LaTeX.

See the inputenc package documentation for explanation.
Type  H <return>  for immediate help.
 ...                                              
                                                  
l.2 ...Šç›¸ä¿¡è¿œç«¯çš„ç³»ç»Ÿï¼Ÿä¸ºäº†å®‰å…¨æ„¿æ„
                                                  ä»˜å‡ºå¤šå¤§çš„æ€§èƒ½å¼€é”...

You may provide a definition with
\DeclareUnicodeCharacter 


! Package inputenc Error: Unicode character ä»˜ (U+4ED8)
(inputenc)                not set up for use with LaTeX.

See the inputenc package documentation for explanation.
Type  H <return>  for immediate help.
 ...                                              
                                                  
l.2 ...¸ä¿¡è¿œç«¯çš„ç³»ç»Ÿï¼Ÿä¸ºäº†å®‰å…¨æ„¿æ„ä»˜
                                                  å‡ºå¤šå¤§çš„æ€§èƒ½å¼€é”€ï¼...

You may provide a definition with
\DeclareUnicodeCharacter 


! Package inputenc Error: Unicode character å‡º (U+51FA)
(inputenc)                not set up for use with LaTeX.

See the inputenc package documentation for explanation.
Type  H <return>  for immediate help.
 ...                                              
                                                  
l.2 ...¡è¿œç«¯çš„ç³»ç»Ÿï¼Ÿä¸ºäº†å®‰å…¨æ„¿æ„ä»˜å‡º
                                                  å¤šå¤§çš„æ€§èƒ½å¼€é”€ï¼Ÿè¿...

You may provide a definition with
\DeclareUnicodeCharacter 


! Package inputenc Error: Unicode character å¤š (U+591A)
(inputenc)                not set up for use with LaTeX.

See the inputenc package documentation for explanation.
Type  H <return>  for immediate help.
 ...                                              
                                                  
l.2 ...œç«¯çš„ç³»ç»Ÿï¼Ÿä¸ºäº†å®‰å…¨æ„¿æ„ä»˜å‡ºå¤š
                                                  å¤§çš„æ€§èƒ½å¼€é”€ï¼Ÿè¿œç«...

You may provide a definition with
\DeclareUnicodeCharacter 


! Package inputenc Error: Unicode character å¤§ (U+5927)
(inputenc)                not set up for use with LaTeX.

See the inputenc package documentation for explanation.
Type  H <return>  for immediate help.
 ...                                              
                                                  
l.2 ...¯çš„ç³»ç»Ÿï¼Ÿä¸ºäº†å®‰å…¨æ„¿æ„ä»˜å‡ºå¤šå¤§
                                                  çš„æ€§èƒ½å¼€é”€ï¼Ÿè¿œç«¯ç³...

You may provide a definition with
\DeclareUnicodeCharacter 


! Package inputenc Error: Unicode character çš„ (U+7684)
(inputenc)                not set up for use with LaTeX.

See the inputenc package documentation for explanation.
Type  H <return>  for immediate help.
 ...                                              
                                                  
l.2 ...„ç³»ç»Ÿï¼Ÿä¸ºäº†å®‰å…¨æ„¿æ„ä»˜å‡ºå¤šå¤§çš„
                                                  æ€§èƒ½å¼€é”€ï¼Ÿè¿œç«¯ç³»ç»...

You may provide a definition with
\DeclareUnicodeCharacter 


! Package inputenc Error: Unicode character æ€§ (U+6027)
(inputenc)                not set up for use with LaTeX.

See the inputenc package documentation for explanation.
Type  H <return>  for immediate help.
 ...                                              
                                                  
l.2 ...»ç»Ÿï¼Ÿä¸ºäº†å®‰å…¨æ„¿æ„ä»˜å‡ºå¤šå¤§çš„æ€§
                                                  èƒ½å¼€é”€ï¼Ÿè¿œç«¯ç³»ç»Ÿå...

You may provide a definition with
\DeclareUnicodeCharacter 


! Package inputenc Error: Unicode character èƒ½ (U+80FD)
(inputenc)                not set up for use with LaTeX.

See the inputenc package documentation for explanation.
Type  H <return>  for immediate help.
 ...                                              
                                                  
l.2 ...Ÿï¼Ÿä¸ºäº†å®‰å…¨æ„¿æ„ä»˜å‡ºå¤šå¤§çš„æ€§èƒ½
                                                  å¼€é”€ï¼Ÿè¿œç«¯ç³»ç»Ÿå¯ä»...

You may provide a definition with
\DeclareUnicodeCharacter 


! Package inputenc Error: Unicode character å¼€ (U+5F00)
(inputenc)                not set up for use with LaTeX.

See the inputenc package documentation for explanation.
Type  H <return>  for immediate help.
 ...                                              
                                                  
l.2 ...Ÿä¸ºäº†å®‰å…¨æ„¿æ„ä»˜å‡ºå¤šå¤§çš„æ€§èƒ½å¼€
                                                  é”€ï¼Ÿè¿œç«¯ç³»ç»Ÿå¯ä»¥æŠ...

You may provide a definition with
\DeclareUnicodeCharacter 


! Package inputenc Error: Unicode character é”€ (U+9500)
(inputenc)                not set up for use with LaTeX.

See the inputenc package documentation for explanation.
Type  H <return>  for immediate help.
 ...                                              
                                                  
l.2 ...ºäº†å®‰å…¨æ„¿æ„ä»˜å‡ºå¤šå¤§çš„æ€§èƒ½å¼€é”€
                                                  ï¼Ÿè¿œç«¯ç³»ç»Ÿå¯ä»¥æŠµå¾...

You may provide a definition with
\DeclareUnicodeCharacter 


! Package inputenc Error: Unicode character ï¼Ÿ (U+FF1F)
(inputenc)                not set up for use with LaTeX.

See the inputenc package documentation for explanation.
Type  H <return>  for immediate help.
 ...                                              
                                                  
l.2 ...†å®‰å…¨æ„¿æ„ä»˜å‡ºå¤šå¤§çš„æ€§èƒ½å¼€é”€ï¼Ÿ
                                                  è¿œç«¯ç³»ç»Ÿå¯ä»¥æŠµå¾¡å¤...

You may provide a definition with
\DeclareUnicodeCharacter 


! Package inputenc Error: Unicode character è¿œ (U+8FDC)
(inputenc)                not set up for use with LaTeX.

See the inputenc package documentation for explanation.
Type  H <return>  for immediate help.
 ...                                              
                                                  
l.2 ...‰å…¨æ„¿æ„ä»˜å‡ºå¤šå¤§çš„æ€§èƒ½å¼€é”€ï¼Ÿè¿œ
                                                  ç«¯ç³»ç»Ÿå¯ä»¥æŠµå¾¡å¤šå¼...

You may provide a definition with
\DeclareUnicodeCharacter 


! Package inputenc Error: Unicode character ç«¯ (U+7AEF)
(inputenc)                not set up for use with LaTeX.

See the inputenc package documentation for explanation.
Type  H <return>  for immediate help.
 ...                                              
                                                  
l.2 ...¨æ„¿æ„ä»˜å‡ºå¤šå¤§çš„æ€§èƒ½å¼€é”€ï¼Ÿè¿œç«¯
                                                  ç³»ç»Ÿå¯ä»¥æŠµå¾¡å¤šå¼ºçš...

You may provide a definition with
\DeclareUnicodeCharacter 


! Package inputenc Error: Unicode character ç³» (U+7CFB)
(inputenc)                not set up for use with LaTeX.

See the inputenc package documentation for explanation.
Type  H <return>  for immediate help.
 ...                                              
                                                  
l.2 ...¿æ„ä»˜å‡ºå¤šå¤§çš„æ€§èƒ½å¼€é”€ï¼Ÿè¿œç«¯ç³»
                                                  ç»Ÿå¯ä»¥æŠµå¾¡å¤šå¼ºçš„æ”...

You may provide a definition with
\DeclareUnicodeCharacter 


! Package inputenc Error: Unicode character ç»Ÿ (U+7EDF)
(inputenc)                not set up for use with LaTeX.

See the inputenc package documentation for explanation.
Type  H <return>  for immediate help.
 ...                                              
                                                  
l.2 ...ä»˜å‡ºå¤šå¤§çš„æ€§èƒ½å¼€é”€ï¼Ÿè¿œç«¯ç³»ç»Ÿ
                                                  å¯ä»¥æŠµå¾¡å¤šå¼ºçš„æ”»å‡...

You may provide a definition with
\DeclareUnicodeCharacter 


! Package inputenc Error: Unicode character å¯ (U+53EF)
(inputenc)                not set up for use with LaTeX.

See the inputenc package documentation for explanation.
Type  H <return>  for immediate help.
 ...                                              
                                                  
l.2 ...˜å‡ºå¤šå¤§çš„æ€§èƒ½å¼€é”€ï¼Ÿè¿œç«¯ç³»ç»Ÿå¯
                                                  ä»¥æŠµå¾¡å¤šå¼ºçš„æ”»å‡»è€...

You may provide a definition with
\DeclareUnicodeCharacter 


! Package inputenc Error: Unicode character ä»¥ (U+4EE5)
(inputenc)                not set up for use with LaTeX.

See the inputenc package documentation for explanation.
Type  H <return>  for immediate help.
 ...                                              
                                                  
l.2 ...ºå¤šå¤§çš„æ€§èƒ½å¼€é”€ï¼Ÿè¿œç«¯ç³»ç»Ÿå¯ä»¥
                                                  æŠµå¾¡å¤šå¼ºçš„æ”»å‡»è€…ï¼...

You may provide a definition with
\DeclareUnicodeCharacter 


! Package inputenc Error: Unicode character æŠµ (U+62B5)
(inputenc)                not set up for use with LaTeX.

See the inputenc package documentation for explanation.
Type  H <return>  for immediate help.
 ...                                              
                                                  
l.2 ...šå¤§çš„æ€§èƒ½å¼€é”€ï¼Ÿè¿œç«¯ç³»ç»Ÿå¯ä»¥æŠµ
                                                  å¾¡å¤šå¼ºçš„æ”»å‡»è€…ï¼Ÿä¸...

You may provide a definition with
\DeclareUnicodeCharacter 


! Package inputenc Error: Unicode character å¾¡ (U+5FA1)
(inputenc)                not set up for use with LaTeX.

See the inputenc package documentation for explanation.
Type  H <return>  for immediate help.
 ...                                              
                                                  
l.2 ...§çš„æ€§èƒ½å¼€é”€ï¼Ÿè¿œç«¯ç³»ç»Ÿå¯ä»¥æŠµå¾¡
                                                  å¤šå¼ºçš„æ”»å‡»è€…ï¼Ÿä¸€ä¸...

You may provide a definition with
\DeclareUnicodeCharacter 


! Package inputenc Error: Unicode character å¤š (U+591A)
(inputenc)                not set up for use with LaTeX.

See the inputenc package documentation for explanation.
Type  H <return>  for immediate help.
 ...                                              
                                                  
l.2 ...„æ€§èƒ½å¼€é”€ï¼Ÿè¿œç«¯ç³»ç»Ÿå¯ä»¥æŠµå¾¡å¤š
                                                  å¼ºçš„æ”»å‡»è€…ï¼Ÿä¸€ä¸ªç...

You may provide a definition with
\DeclareUnicodeCharacter 


! Package inputenc Error: Unicode character å¼º (U+5F3A)
(inputenc)                not set up for use with LaTeX.

See the inputenc package documentation for explanation.
Type  H <return>  for immediate help.
 ...                                              
                                                  
l.2 ...§èƒ½å¼€é”€ï¼Ÿè¿œç«¯ç³»ç»Ÿå¯ä»¥æŠµå¾¡å¤šå¼º
                                                  çš„æ”»å‡»è€…ï¼Ÿä¸€ä¸ªç†æƒ...

You may provide a definition with
\DeclareUnicodeCharacter 


! Package inputenc Error: Unicode character çš„ (U+7684)
(inputenc)                not set up for use with LaTeX.

See the inputenc package documentation for explanation.
Type  H <return>  for immediate help.
 ...                                              
                                                  
l.2 ...½å¼€é”€ï¼Ÿè¿œç«¯ç³»ç»Ÿå¯ä»¥æŠµå¾¡å¤šå¼ºçš„
                                                  æ”»å‡»è€…ï¼Ÿä¸€ä¸ªç†æƒ³ç³...

You may provide a definition with
\DeclareUnicodeCharacter 


! Package inputenc Error: Unicode character æ”» (U+653B)
(inputenc)                not set up for use with LaTeX.

See the inputenc package documentation for explanation.
Type  H <return>  for immediate help.
 ...                                              
                                                  
l.2 ...€é”€ï¼Ÿè¿œç«¯ç³»ç»Ÿå¯ä»¥æŠµå¾¡å¤šå¼ºçš„æ”»
                                                  å‡»è€…ï¼Ÿä¸€ä¸ªç†æƒ³ç³»ç»...

You may provide a definition with
\DeclareUnicodeCharacter 


! Package inputenc Error: Unicode character å‡» (U+51FB)
(inputenc)                not set up for use with LaTeX.

See the inputenc package documentation for explanation.
Type  H <return>  for immediate help.
 ...                                              
                                                  
l.2 ...€ï¼Ÿè¿œç«¯ç³»ç»Ÿå¯ä»¥æŠµå¾¡å¤šå¼ºçš„æ”»å‡»
                                                  è€…ï¼Ÿä¸€ä¸ªç†æƒ³ç³»ç»Ÿåº...

You may provide a definition with
\DeclareUnicodeCharacter 


! Package inputenc Error: Unicode character è€… (U+8005)
(inputenc)                not set up for use with LaTeX.

See the inputenc package documentation for explanation.
Type  H <return>  for immediate help.
 ...                                              
                                                  
l.2 ...Ÿè¿œç«¯ç³»ç»Ÿå¯ä»¥æŠµå¾¡å¤šå¼ºçš„æ”»å‡»è€…
                                                  ï¼Ÿä¸€ä¸ªç†æƒ³ç³»ç»Ÿåº”è¯...

You may provide a definition with
\DeclareUnicodeCharacter 


! Package inputenc Error: Unicode character ï¼Ÿ (U+FF1F)
(inputenc)                not set up for use with LaTeX.

See the inputenc package documentation for explanation.
Type  H <return>  for immediate help.
 ...                                              
                                                  
l.2 ...œç«¯ç³»ç»Ÿå¯ä»¥æŠµå¾¡å¤šå¼ºçš„æ”»å‡»è€…ï¼Ÿ
                                                  ä¸€ä¸ªç†æƒ³ç³»ç»Ÿåº”è¯¥èƒ...

You may provide a definition with
\DeclareUnicodeCharacter 


! Package inputenc Error: Unicode character ä¸€ (U+4E00)
(inputenc)                not set up for use with LaTeX.

See the inputenc package documentation for explanation.
Type  H <return>  for immediate help.
 ...                                              
                                                  
l.2 ...¯ç³»ç»Ÿå¯ä»¥æŠµå¾¡å¤šå¼ºçš„æ”»å‡»è€…ï¼Ÿä¸€
                                                  ä¸ªç†æƒ³ç³»ç»Ÿåº”è¯¥èƒ½å¤...

You may provide a definition with
\DeclareUnicodeCharacter 


! Package inputenc Error: Unicode character ä¸ª (U+4E2A)
(inputenc)                not set up for use with LaTeX.

See the inputenc package documentation for explanation.
Type  H <return>  for immediate help.
 ...                                              
                                                  
l.2 ...»ç»Ÿå¯ä»¥æŠµå¾¡å¤šå¼ºçš„æ”»å‡»è€…ï¼Ÿä¸€ä¸ª
                                                  ç†æƒ³ç³»ç»Ÿåº”è¯¥èƒ½å¤Ÿåœ...

You may provide a definition with
\DeclareUnicodeCharacter 


! Package inputenc Error: Unicode character ç† (U+7406)
(inputenc)                not set up for use with LaTeX.

See the inputenc package documentation for explanation.
Type  H <return>  for immediate help.
 ...                                              
                                                  
l.2 ...Ÿå¯ä»¥æŠµå¾¡å¤šå¼ºçš„æ”»å‡»è€…ï¼Ÿä¸€ä¸ªç†
                                                  æƒ³ç³»ç»Ÿåº”è¯¥èƒ½å¤Ÿåœ¨ä¿...

You may provide a definition with
\DeclareUnicodeCharacter 


! Package inputenc Error: Unicode character æƒ³ (U+60F3)
(inputenc)                not set up for use with LaTeX.

See the inputenc package documentation for explanation.
Type  H <return>  for immediate help.
 ...                                              
                                                  
l.2 ...¯ä»¥æŠµå¾¡å¤šå¼ºçš„æ”»å‡»è€…ï¼Ÿä¸€ä¸ªç†æƒ³
                                                  ç³»ç»Ÿåº”è¯¥èƒ½å¤Ÿåœ¨ä¿è¯...

You may provide a definition with
\DeclareUnicodeCharacter 


! Package inputenc Error: Unicode character ç³» (U+7CFB)
(inputenc)                not set up for use with LaTeX.

See the inputenc package documentation for explanation.
Type  H <return>  for immediate help.
 ...                                              
                                                  
l.2 ...¥æŠµå¾¡å¤šå¼ºçš„æ”»å‡»è€…ï¼Ÿä¸€ä¸ªç†æƒ³ç³»
                                                  ç»Ÿåº”è¯¥èƒ½å¤Ÿåœ¨ä¿è¯å...

You may provide a definition with
\DeclareUnicodeCharacter 


! Package inputenc Error: Unicode character ç»Ÿ (U+7EDF)
(inputenc)                not set up for use with LaTeX.

See the inputenc package documentation for explanation.
Type  H <return>  for immediate help.
 ...                                              
                                                  
l.2 ...µå¾¡å¤šå¼ºçš„æ”»å‡»è€…ï¼Ÿä¸€ä¸ªç†æƒ³ç³»ç»Ÿ
                                                  åº”è¯¥èƒ½å¤Ÿåœ¨ä¿è¯å¯ä¿...

You may provide a definition with
\DeclareUnicodeCharacter 


! Package inputenc Error: Unicode character åº” (U+5E94)
(inputenc)                not set up for use with LaTeX.

See the inputenc package documentation for explanation.
Type  H <return>  for immediate help.
 ...                                              
                                                  
l.2 ...¡å¤šå¼ºçš„æ”»å‡»è€…ï¼Ÿä¸€ä¸ªç†æƒ³ç³»ç»Ÿåº”
                                                  è¯¥èƒ½å¤Ÿåœ¨ä¿è¯å¯ä¿¡éš...

You may provide a definition with
\DeclareUnicodeCharacter 


! Package inputenc Error: Unicode character è¯¥ (U+8BE5)
(inputenc)                not set up for use with LaTeX.

See the inputenc package documentation for explanation.
Type  H <return>  for immediate help.
 ...                                              
                                                  
l.2 ...šå¼ºçš„æ”»å‡»è€…ï¼Ÿä¸€ä¸ªç†æƒ³ç³»ç»Ÿåº”è¯¥
                                                  èƒ½å¤Ÿåœ¨ä¿è¯å¯ä¿¡éšç§...

You may provide a definition with
\DeclareUnicodeCharacter 


! Package inputenc Error: Unicode character èƒ½ (U+80FD)
(inputenc)                not set up for use with LaTeX.

See the inputenc package documentation for explanation.
Type  H <return>  for immediate help.
 ...                                              
                                                  
l.2 ...ºçš„æ”»å‡»è€…ï¼Ÿä¸€ä¸ªç†æƒ³ç³»ç»Ÿåº”è¯¥èƒ½
                                                  å¤Ÿåœ¨ä¿è¯å¯ä¿¡éšç§è®...

You may provide a definition with
\DeclareUnicodeCharacter 


! Package inputenc Error: Unicode character å¤Ÿ (U+591F)
(inputenc)                not set up for use with LaTeX.

See the inputenc package documentation for explanation.
Type  H <return>  for immediate help.
 ...                                              
                                                  
l.2 ...„æ”»å‡»è€…ï¼Ÿä¸€ä¸ªç†æƒ³ç³»ç»Ÿåº”è¯¥èƒ½å¤Ÿ
                                                  åœ¨ä¿è¯å¯ä¿¡éšç§è®¡ç®...

You may provide a definition with
\DeclareUnicodeCharacter 


! Package inputenc Error: Unicode character åœ¨ (U+5728)
(inputenc)                not set up for use with LaTeX.

See the inputenc package documentation for explanation.
Type  H <return>  for immediate help.
 ...                                              
                                                  
l.2 ...»å‡»è€…ï¼Ÿä¸€ä¸ªç†æƒ³ç³»ç»Ÿåº”è¯¥èƒ½å¤Ÿåœ¨
                                                  ä¿è¯å¯ä¿¡éšç§è®¡ç®—çš...

You may provide a definition with
\DeclareUnicodeCharacter 


! Package inputenc Error: Unicode character ä¿ (U+4FDD)
(inputenc)                not set up for use with LaTeX.

See the inputenc package documentation for explanation.
Type  H <return>  for immediate help.
 ...                                              
                                                  
l.2 ...»è€…ï¼Ÿä¸€ä¸ªç†æƒ³ç³»ç»Ÿåº”è¯¥èƒ½å¤Ÿåœ¨ä¿
                                                  è¯å¯ä¿¡éšç§è®¡ç®—çš„å...

You may provide a definition with
\DeclareUnicodeCharacter 


! Package inputenc Error: Unicode character è¯ (U+8BC1)
(inputenc)                not set up for use with LaTeX.

See the inputenc package documentation for explanation.
Type  H <return>  for immediate help.
 ...                                              
                                                  
l.2 ...…ï¼Ÿä¸€ä¸ªç†æƒ³ç³»ç»Ÿåº”è¯¥èƒ½å¤Ÿåœ¨ä¿è¯
                                                  å¯ä¿¡éšç§è®¡ç®—çš„åŒæ—...

You may provide a definition with
\DeclareUnicodeCharacter 


! Package inputenc Error: Unicode character å¯ (U+53EF)
(inputenc)                not set up for use with LaTeX.

See the inputenc package documentation for explanation.
Type  H <return>  for immediate help.
 ...                                              
                                                  
l.2 ...Ÿä¸€ä¸ªç†æƒ³ç³»ç»Ÿåº”è¯¥èƒ½å¤Ÿåœ¨ä¿è¯å¯
                                                  ä¿¡éšç§è®¡ç®—çš„åŒæ—¶ä¸...

You may provide a definition with
\DeclareUnicodeCharacter 


! Package inputenc Error: Unicode character ä¿¡ (U+4FE1)
(inputenc)                not set up for use with LaTeX.

See the inputenc package documentation for explanation.
Type  H <return>  for immediate help.
 ...                                              
                                                  
l.2 ...€ä¸ªç†æƒ³ç³»ç»Ÿåº”è¯¥èƒ½å¤Ÿåœ¨ä¿è¯å¯ä¿¡
                                                  éšç§è®¡ç®—çš„åŒæ—¶ä¸å¼...

You may provide a definition with
\DeclareUnicodeCharacter 


! Package inputenc Error: Unicode character éš (U+9690)
(inputenc)                not set up for use with LaTeX.

See the inputenc package documentation for explanation.
Type  H <return>  for immediate help.
 ...                                              
                                                  
l.2 ...ªç†æƒ³ç³»ç»Ÿåº”è¯¥èƒ½å¤Ÿåœ¨ä¿è¯å¯ä¿¡éš
                                                  ç§è®¡ç®—çš„åŒæ—¶ä¸å¼•å…...

You may provide a definition with
\DeclareUnicodeCharacter 


! Package inputenc Error: Unicode character ç§ (U+79C1)
(inputenc)                not set up for use with LaTeX.

See the inputenc package documentation for explanation.
Type  H <return>  for immediate help.
 ...                                              
                                                  
l.2 ...†æƒ³ç³»ç»Ÿåº”è¯¥èƒ½å¤Ÿåœ¨ä¿è¯å¯ä¿¡éšç§
                                                  è®¡ç®—çš„åŒæ—¶ä¸å¼•å…¥æ€...

You may provide a definition with
\DeclareUnicodeCharacter 


! Package inputenc Error: Unicode character è®¡ (U+8BA1)
(inputenc)                not set up for use with LaTeX.

See the inputenc package documentation for explanation.
Type  H <return>  for immediate help.
 ...                                              
                                                  
l.2 ...³ç³»ç»Ÿåº”è¯¥èƒ½å¤Ÿåœ¨ä¿è¯å¯ä¿¡éšç§è®¡
                                                  ç®—çš„åŒæ—¶ä¸å¼•å…¥æ€§èƒ...

You may provide a definition with
\DeclareUnicodeCharacter 


! Package inputenc Error: Unicode character ç®— (U+7B97)
(inputenc)                not set up for use with LaTeX.

See the inputenc package documentation for explanation.
Type  H <return>  for immediate help.
 ...                                              
                                                  
l.2 ...»ç»Ÿåº”è¯¥èƒ½å¤Ÿåœ¨ä¿è¯å¯ä¿¡éšç§è®¡ç®—
                                                  çš„åŒæ—¶ä¸å¼•å…¥æ€§èƒ½å¼...

You may provide a definition with
\DeclareUnicodeCharacter 


! Package inputenc Error: Unicode character çš„ (U+7684)
(inputenc)                not set up for use with LaTeX.

See the inputenc package documentation for explanation.
Type  H <return>  for immediate help.
 ...                                              
                                                  
l.2 ...Ÿåº”è¯¥èƒ½å¤Ÿåœ¨ä¿è¯å¯ä¿¡éšç§è®¡ç®—çš„
                                                  åŒæ—¶ä¸å¼•å…¥æ€§èƒ½å¼€é”...

You may provide a definition with
\DeclareUnicodeCharacter 


! Package inputenc Error: Unicode character åŒ (U+540C)
(inputenc)                not set up for use with LaTeX.

See the inputenc package documentation for explanation.
Type  H <return>  for immediate help.
 ...                                              
                                                  
l.2 ...”è¯¥èƒ½å¤Ÿåœ¨ä¿è¯å¯ä¿¡éšç§è®¡ç®—çš„åŒ
                                                  æ—¶ä¸å¼•å…¥æ€§èƒ½å¼€é”€ã€...

You may provide a definition with
\DeclareUnicodeCharacter 


! Package inputenc Error: Unicode character æ—¶ (U+65F6)
(inputenc)                not set up for use with LaTeX.

See the inputenc package documentation for explanation.
Type  H <return>  for immediate help.
 ...                                              
                                                  
l.2 ...¥èƒ½å¤Ÿåœ¨ä¿è¯å¯ä¿¡éšç§è®¡ç®—çš„åŒæ—¶
                                                  ä¸å¼•å…¥æ€§èƒ½å¼€é”€ã€TC...

You may provide a definition with
\DeclareUnicodeCharacter 


! Package inputenc Error: Unicode character ä¸ (U+4E0D)
(inputenc)                not set up for use with LaTeX.

See the inputenc package documentation for explanation.
Type  H <return>  for immediate help.
 ...                                              
                                                  
l.2 ...½å¤Ÿåœ¨ä¿è¯å¯ä¿¡éšç§è®¡ç®—çš„åŒæ—¶ä¸
                                                  å¼•å…¥æ€§èƒ½å¼€é”€ã€TCBä¸...

You may provide a definition with
\DeclareUnicodeCharacter 


! Package inputenc Error: Unicode character å¼• (U+5F15)
(inputenc)                not set up for use with LaTeX.

See the inputenc package documentation for explanation.
Type  H <return>  for immediate help.
 ...                                              
                                                  
l.2 ...Ÿåœ¨ä¿è¯å¯ä¿¡éšç§è®¡ç®—çš„åŒæ—¶ä¸å¼•
                                                  å…¥æ€§èƒ½å¼€é”€ã€TCBä¸ºé›...

You may provide a definition with
\DeclareUnicodeCharacter 


! Package inputenc Error: Unicode character å…¥ (U+5165)
(inputenc)                not set up for use with LaTeX.

See the inputenc package documentation for explanation.
Type  H <return>  for immediate help.
 ...                                              
                                                  
l.2 ...¨ä¿è¯å¯ä¿¡éšç§è®¡ç®—çš„åŒæ—¶ä¸å¼•å…¥
                                                  æ€§èƒ½å¼€é”€ã€TCBä¸ºé›¶ï¼...

You may provide a definition with
\DeclareUnicodeCharacter 


! Package inputenc Error: Unicode character æ€§ (U+6027)
(inputenc)                not set up for use with LaTeX.

See the inputenc package documentation for explanation.
Type  H <return>  for immediate help.
 ...                                              
                                                  
l.2 ...è¯å¯ä¿¡éšç§è®¡ç®—çš„åŒæ—¶ä¸å¼•å…¥æ€§
                                                  èƒ½å¼€é”€ã€TCBä¸ºé›¶ï¼Œå½...

You may provide a definition with
\DeclareUnicodeCharacter 


! Package inputenc Error: Unicode character èƒ½ (U+80FD)
(inputenc)                not set up for use with LaTeX.

See the inputenc package documentation for explanation.
Type  H <return>  for immediate help.
 ...                                              
                                                  
l.2 ...å¯ä¿¡éšç§è®¡ç®—çš„åŒæ—¶ä¸å¼•å…¥æ€§èƒ½
                                                  å¼€é”€ã€TCBä¸ºé›¶ï¼Œå½“ç„...

You may provide a definition with
\DeclareUnicodeCharacter 


! Package inputenc Error: Unicode character å¼€ (U+5F00)
(inputenc)                not set up for use with LaTeX.

See the inputenc package documentation for explanation.
Type  H <return>  for immediate help.
 ...                                              
                                                  
l.2 ...¯ä¿¡éšç§è®¡ç®—çš„åŒæ—¶ä¸å¼•å…¥æ€§èƒ½å¼€
                                                  é”€ã€TCBä¸ºé›¶ï¼Œå½“ç„¶è¿...

You may provide a definition with
\DeclareUnicodeCharacter 


! Package inputenc Error: Unicode character é”€ (U+9500)
(inputenc)                not set up for use with LaTeX.

See the inputenc package documentation for explanation.
Type  H <return>  for immediate help.
 ...                                              
                                                  
l.2 ...¡éšç§è®¡ç®—çš„åŒæ—¶ä¸å¼•å…¥æ€§èƒ½å¼€é”€
                                                  ã€TCBä¸ºé›¶ï¼Œå½“ç„¶è¿™æ ...

You may provide a definition with
\DeclareUnicodeCharacter 


! Package inputenc Error: Unicode character ã€ (U+3001)
(inputenc)                not set up for use with LaTeX.

See the inputenc package documentation for explanation.
Type  H <return>  for immediate help.
 ...                                              
                                                  
l.2 ...ç§è®¡ç®—çš„åŒæ—¶ä¸å¼•å…¥æ€§èƒ½å¼€é”€ã€
                                                  TCBä¸ºé›¶ï¼Œå½“ç„¶è¿™æ ·çš...
(That makes 100 errors; please try again.) 
Here is how much of TeX's memory you used:
 83 strings out of 480609
 971 string characters out of 5903657
 239607 words of memory out of 5000000
 16075 multiletter control sequences out of 15000+600000
 532338 words of font info for 24 fonts, out of 8000000 for 9000
 1141 hyphenation exceptions out of 8191
 12i,0n,15p,380b,18s stack positions out of 5000i,500n,10000p,200000b,80000s

No pages of output.
