This is pdfTeX, Version 3.14159265-2.6-1.40.21 (TeX Live 2020) (preloaded format=latex 2020.5.7)  21 MAY 2021 10:28
entering extended mode
 restricted \write18 enabled.
 %&-line parsing enabled.
**p1s5.tex
(./p1s5.tex
LaTeX2e <2020-02-02> patch level 5
L3 programming layer <2020-03-06>
! Undefined control sequence.
l.1 \section
            {软件隔离容器（以Intel SGX为例）}
? ^^X
Type <return> to proceed, S to scroll future error messages,
R to run without stopping, Q to run quietly,
I to insert something, E to edit your file,
1 or ... or 9 to ignore the next 1 to 9 tokens of input,
H for help, X to quit.
? x
 
Here is how much of TeX's memory you used:
 16 strings out of 480609
 370 string characters out of 5903657
 239607 words of memory out of 5000000
 16009 multiletter control sequences out of 15000+600000
 532338 words of font info for 24 fonts, out of 8000000 for 9000
 1141 hyphenation exceptions out of 8191
 12i,0n,15p,92b,8s stack positions out of 5000i,500n,10000p,200000b,80000s
No pages of output.
